<?xml version="1.0" encoding="UTF-8"?>
<testsuite name="JUnit Jupiter" tests="9" skipped="0" failures="0" errors="0" time="0.032" hostname="suke-HP-ProBook-470-G4" timestamp="2017-10-18T17:20:28">
<properties>
[...]
</properties>
<testcase name="greetTest()" classname="GreeterTest" time="0.004">
<system-out><![CDATA[
unique-id: [engine:junit-jupiter]/[class:GreeterTest]/[method:greetTest()]
display-name: greetTest()
]]></system-out>
</testcase>
<testcase name="isAfternoonTest1()" classname="ClockTest" time="0.01">
<system-out><![CDATA[
unique-id: [engine:junit-jupiter]/[class:ClockTest]/[method:isAfternoonTest1()]
display-name: isAfternoonTest1()
]]></system-out>
</testcase>
<testcase name="isAfternoonTest2()" classname="ClockTest" time="0.001">
<system-out><![CDATA[
unique-id: [engine:junit-jupiter]/[class:ClockTest]/[method:isAfternoonTest2()]
display-name: isAfternoonTest2()
]]></system-out>
</testcase>
<testcase name="isMorningTest1()" classname="ClockTest" time="0.001">
<system-out><![CDATA[
unique-id: [engine:junit-jupiter]/[class:ClockTest]/[method:isMorningTest1()]
display-name: isMorningTest1()
]]></system-out>
</testcase>
<testcase name="isMorningTest2()" classname="ClockTest" time="0">
<system-out><![CDATA[
unique-id: [engine:junit-jupiter]/[class:ClockTest]/[method:isMorningTest2()]
display-name: isMorningTest2()
]]></system-out>
</testcase>
<testcase name="isNightTest1()" classname="ClockTest" time="0">
<system-out><![CDATA[
unique-id: [engine:junit-jupiter]/[class:ClockTest]/[method:isNightTest1()]
display-name: isNightTest1()
]]></system-out>
</testcase>
<testcase name="isNightTest2()" classname="ClockTest" time="0">
<system-out><![CDATA[
unique-id: [engine:junit-jupiter]/[class:ClockTest]/[method:isNightTest2()]
display-name: isNightTest2()
]]></system-out>
</testcase>
<testcase name="isNightTest3()" classname="ClockTest" time="0.001">
<system-out><![CDATA[
unique-id: [engine:junit-jupiter]/[class:ClockTest]/[method:isNightTest3()]
display-name: isNightTest3()
]]></system-out>
</testcase>
<testcase name="isNightTest4()" classname="ClockTest" time="0">
<system-out><![CDATA[
unique-id: [engine:junit-jupiter]/[class:ClockTest]/[method:isNightTest4()]
display-name: isNightTest4()
]]></system-out>
</testcase>
<system-out><![CDATA[
unique-id: [engine:junit-jupiter]
display-name: JUnit Jupiter
]]></system-out>
</testsuite>
